
-I- Ventiladores encendidos.
-I- 15:15:00 - 27/08/2013
-I- AT Command: AT+CREG?
-I- AT Command: AT+CMGR=1
-I- No hay SMS disponible.
-I- 15:16:00 - 27/08/2013
-I- Ventiladores apagados.
-I- Se espera un comando del GPS durante 5 segundos...
-I- Comando NMEA recibido.
-I- Checksum = 5C -> OK.
-I- Cmd: $GPRMC,181619.000,A,3438.8371,S,05829.8945,W,0.92,20.82,270813,,,A*5C
-I- Guardando registro de muestreo en la sesion en curso...
-I- Escritos 200 bytes en el archivo 0:/AQM120716_2013-08-27_1218.csv.
-I- AT Command: AT+CREG?
-I- AT Command: AT+CGREG?
-I- Modo GPRS activado.
-I- AT Command: AT#CONNECTIONSTART
-I- Stack TCP/IP iniciado. IP: 181.3.41.25
-I- AT Command: AT#OTCP=1
-I- Socket TCP abierto. Estado: 
Ok_Info_WaitingForData

POST /aqm/reg_sesion/create HTTP/1.1
Host: ccys.siafa.com.ar
Content-Length: 224

rs[sn]=AQM120716&rs[ts]=2013/08/27 14:21:11&rs[lat]=S 34 38.8415&rs[lon]=W 058 29.8911&rs[si1]=Temp&rs[sv1]=23.9&rs[si2]=Hum &rs[sv2]=37&rs[si3]=CO  &rs[sv3]=0.65&rs[si4]=SO2 &rs[sv4]=0.16&rs[si5]=VOCs&rs[sv5]=0.031&rs[obs]=

Respuesta:
ent-Type: text/html;charset=utf-8
Content-Length: 0
Connection: keep-alive
Status: 200 OK
X-Powered-By: Phusion Passenger 4.0.8
Date: Tue, 27 Aug 2013 15:16:45 ART
Server: nginx/1.4.2 + Phusion Passenger 4.0.7



POST /aqm/reg_sesion/create HTTP/1.1
Host: ccys.siafa.com.ar
Content-Length: 224

rs[sn]=AQM120716&rs[ts]=2013/08/27 14:26:12&rs[lat]=S 34 38.8421&rs[lon]=W 058 29.8937&rs[si1]=Temp&rs[sv1]=22.0&rs[si2]=Hum &rs[sv2]=36&rs[si3]=CO  &rs[sv3]=0.68&rs[si4]=SO2 &rs[sv4]=0.18&rs[si5]=VOCs&rs[sv5]=0.005&rs[obs]=

Respuesta:
HTTP/ent-Type: text/html;charset=utf-8
Content-Length: 0
Connection: keep-alive
Status: 200 OK
X-Powered-By: Phusion Passenger 4.0.8
Date: Tue, 27 Aug 2013 15:16:48 ART
Server: nginx/1.4.2 + Phusion Passenger 4.0.7

s

POST /aqm/reg_sesion/create HTTP/1.1
Host: ccys.siafa.com.ar
Content-Length: 224

rs[sn]=AQM120716&rs[ts]=2013/08/27 14:31:13&rs[lat]=S 34 38.8427&rs[lon]=W 058 29.8942&rs[si1]=Temp&rs[sv1]=22.0&rs[si2]=Hum &rs[sv2]=37&rs[si3]=CO  &rs[sv3]=0.56&rs[si4]=SO2 &rs[sv4]=0.15&rs[si5]=VOCs&rs[sv5]=0.003&rs[obs]=

Respuesta:
enger 4.0.7

HTTP/ent-Type: text/html;charset=utf-8
Content-Length: 0
Connection: keep-alive
Status: 200 OK
X-Powered-By: Phusion Passenger 4.0.8
Date: Tue, 27 Aug 2013 15:16:53 ART
Server: nginx/1.4.2 + Phusion Passenger 4.0.7

s

POST /aqm/reg_sesion/create HTTP/1.1
Host: ccys.siafa.com.ar
Content-Length: 224

rs[sn]=AQM120716&rs[ts]=2013/08/27 14:36:14&rs[lat]=S 34 38.8432&rs[lon]=W 058 29.8962&rs[si1]=Temp&rs[sv1]=22.9&rs[si2]=Hum &rs[sv2]=36&rs[si3]=CO  &rs[sv3]=0.65&rs[si4]=SO2 &rs[sv4]=0.16&rs[si5]=VOCs&rs[sv5]=0.043&rs[obs]=

Respuesta:
-I- 15:17:00 - 27/08/2013
enger 4.0.7

HTTP/ent-Type: text/html;charset=utf-8
Content-Length: 0
Connection: keep-alive
Status: 200 OK
X-Powered-By: Phusion Passenger 4.0.8
Date: Tue, 27 Aug 2013 15:16:57 ART
Server: nginx/1.4.2 + Phusion Passenger 4.0.7

s

POST /aqm/reg_sesion/create HTTP/1.1
Host: ccys.siafa.com.ar
Content-Length: 224

rs[sn]=AQM120716&rs[ts]=2013/08/27 14:41:15&rs[lat]=S 34 38.8441&rs[lon]=W 058 29.8938&rs[si1]=Temp&rs[sv1]=22.4&rs[si2]=Hum &rs[sv2]=36&rs[si3]=CO  &rs[sv3]=0.64&rs[si4]=SO2 &rs[sv4]=0.18&rs[si5]=VOCs&rs[sv5]=0.031&rs[obs]=

Respuesta:
enger 4.0.7

HTTP/ent-Type: text/html;charset=utf-8
Content-Length: 0
Connection: keep-alive
Status: 200 OK
X-Powered-By: Phusion Passenger 4.0.8
Date: Tue, 27 Aug 2013 15:17:01 ART
Server: nginx/1.4.2 + Phusion Passenger 4.0.7

s

POST /aqm/reg_sesion/create HTTP/1.1
Host: ccys.siafa.com.ar
Content-Length: 224

rs[sn]=AQM120716&rs[ts]=2013/08/27 14:46:16&rs[lat]=S 34 38.8442&rs[lon]=W 058 29.8951&rs[si1]=Temp&rs[sv1]=22.8&rs[si2]=Hum &rs[sv2]=36&rs[si3]=CO  &rs[sv3]=0.56&rs[si4]=SO2 &rs[sv4]=0.17&rs[si5]=VOCs&rs[sv5]=0.014&rs[obs]=

Respuesta:
enger 4.0.7

HTTP/ent-Type: text/html;charset=utf-8
Content-Length: 0
Connection: keep-alive
Status: 200 OK
X-Powered-By: Phusion Passenger 4.0.8
Date: Tue, 27 Aug 2013 15:17:06 ART
Server: nginx/1.4.2 + Phusion Passenger 4.0.7

s

POST /aqm/reg_sesion/create HTTP/1.1
Host: ccys.siafa.com.ar
Content-Length: 224

rs[sn]=AQM120716&rs[ts]=2013/08/27 14:51:17&rs[lat]=S 34 38.8341&rs[lon]=W 058 29.8948&rs[si1]=Temp&rs[sv1]=22.7&rs[si2]=Hum &rs[sv2]=36&rs[si3]=CO  &rs[sv3]=0.63&rs[si4]=SO2 &rs[sv4]=0.18&rs[si5]=VOCs&rs[sv5]=0.034&rs[obs]=

Respuesta:
enger 4.0.7

HTTP/ent-Type: text/html;charset=utf-8
Content-Length: 0
Connection: keep-alive
Status: 200 OK
X-Powered-By: Phusion Passenger 4.0.8
Date: Tue, 27 Aug 2013 15:17:08 ART
Server: nginx/1.4.2 + Phusion Passenger 4.0.7

s

POST /aqm/reg_sesion/create HTTP/1.1
Host: ccys.siafa.com.ar
Content-Length: 224

rs[sn]=AQM120716&rs[ts]=2013/08/27 14:56:18&rs[lat]=S 34 38.8407&rs[lon]=W 058 29.8912&rs[si1]=Temp&rs[sv1]=22.2&rs[si2]=Hum &rs[sv2]=36&rs[si3]=CO  &rs[sv3]=0.54&rs[si4]=SO2 &rs[sv4]=0.17&rs[si5]=VOCs&rs[sv5]=0.002&rs[obs]=

Respuesta:
enger 4.0.7

HTTP/ent-Type: text/html;charset=utf-8
Content-Length: 0
Connection: keep-alive
Status: 200 OK
X-Powered-By: Phusion Passenger 4.0.8
Date: Tue, 27 Aug 2013 15:17:13 ART
Server: nginx/1.4.2 + Phusion Passenger 4.0.7

s

POST /aqm/reg_sesion/create HTTP/1.1
Host: ccys.siafa.com.ar
Content-Length: 224

rs[sn]=AQM120716&rs[ts]=2013/08/27 15:01:19&rs[lat]=S 34 38.8444&rs[lon]=W 058 29.8976&rs[si1]=Temp&rs[sv1]=22.5&rs[si2]=Hum &rs[sv2]=36&rs[si3]=CO  &rs[sv3]=0.59&rs[si4]=SO2 &rs[sv4]=0.19&rs[si5]=VOCs&rs[sv5]=0.027&rs[obs]=

Respuesta:
enger 4.0.7

HTTP/ent-Type: text/html;charset=utf-8
Content-Length: 0
Connection: keep-alive
Status: 200 OK
X-Powered-By: Phusion Passenger 4.0.8
Date: Tue, 27 Aug 2013 15:17:16 ART
Server: nginx/1.4.2 + Phusion Passenger 4.0.7

s

POST /aqm/reg_sesion/create HTTP/1.1
Host: ccys.siafa.com.ar
Content-Length: 224

rs[sn]=AQM120716&rs[ts]=2013/08/27 15:06:20&rs[lat]=S 34 38.8419&rs[lon]=W 058 29.8930&rs[si1]=Temp&rs[sv1]=21.7&rs[si2]=Hum &rs[sv2]=37&rs[si3]=CO  &rs[sv3]=0.61&rs[si4]=SO2 &rs[sv4]=0.17&rs[si5]=VOCs&rs[sv5]=0.109&rs[obs]=

Respuesta:
enger 4.0.7

HTTP/1nt-Type: text/html;charset=utf-8
Content-Length: 0
Connection: keep-alive
Status: 200 OK
X-Powered-By: Phusion Passenger 4.0.8
Date: Tue, 27 Aug 2013 15:17:22 ART
Server: nginx/1.4.2 + Phusion Passenger 4.0.7

s

POST /aqm/reg_sesion/create HTTP/1.1
Host: ccys.siafa.com.ar
Content-Length: 224

rs[sn]=AQM120716&rs[ts]=2013/08/27 15:11:21&rs[lat]=S 34 38.8428&rs[lon]=W 058 29.8918&rs[si1]=Temp&rs[sv1]=22.3&rs[si2]=Hum &rs[sv2]=36&rs[si3]=CO  &rs[sv3]=0.66&rs[si4]=SO2 &rs[sv4]=0.20&rs[si5]=VOCs&rs[sv5]=0.066&rs[obs]=

Respuesta:
enger 4.0.7

HTTP/ent-Type: text/html;charset=utf-8
Content-Length: 0
Connection: keep-alive
Status: 200 OK
X-Powered-By: Phusion Passenger 4.0.8
Date: Tue, 27 Aug 2013 15:17:24 ART
Server: nginx/1.4.2 + Phusion Passenger 4.0.7

s

POST /aqm/reg_sesion/create HTTP/1.1
Host: ccys.siafa.com.ar
Content-Length: 224

rs[sn]=AQM120716&rs[ts]=2013/08/27 15:16:22&rs[lat]=S 34 38.8371&rs[lon]=W 058 29.8945&rs[si1]=Temp&rs[sv1]=22.2&rs[si2]=Hum &rs[sv2]=36&rs[si3]=CO  &rs[sv3]=0.64&rs[si4]=SO2 &rs[sv4]=0.15&rs[si5]=VOCs&rs[sv5]=0.136&rs[obs]=

Respuesta:
enger 4.0.7

HTTP/ent-Type: text/html;charset=utf-8
Content-Length: 0
Connection: keep-alive
Status: 200 OK
X-Powered-By: Phusion Passenger 4.0.8
Date: Tue, 27 Aug 2013 15:17:29 ART
Server: nginx/1.4.2 + Phusion Passenger 4.0.7

s

-I- Cerrando socket TCP/IP.
-I- 
Espera respuesta del servidor:
enger 4.0.7

HTTP/ed
200 OK-I- AT Command: AT#CONNECTIONSTOP
-I- 15:18:00 - 27/08/2013
-I- Stack TCP/IP detenido. Respuesta: OK
-I- Datos transmitidos a la DB por GPRS.
-I- 15:19:00 - 27/08/2013
-I- Ventiladores encendidos.
-I- 15:20:00 - 27/08/2013
